{
  "stats": {
    "suites": 1,
    "tests": 5,
    "passes": 5,
    "pending": 0,
    "failures": 0,
    "start": "2020-10-29T11:40:00.581Z",
    "end": "2020-10-29T11:40:30.264Z",
    "duration": 29683,
    "testsRegistered": 5,
    "passPercent": 100,
    "pendingPercent": 0,
    "other": 0,
    "hasOther": false,
    "skipped": 0,
    "hasSkipped": false
  },
  "results": [
    {
      "uuid": "c0b48592-924b-45f4-bb0f-99b6bc806b53",
      "title": "",
      "fullFile": "cypress/integration/reregression-test-suite.spec.js",
      "file": "cypress/integration/reregression-test-suite.spec.js",
      "beforeHooks": [],
      "afterHooks": [],
      "tests": [],
      "suites": [
        {
          "uuid": "b21f809a-47fc-4abc-aec7-efe4bd7d3fd4",
          "title": "Regression test suite",
          "fullFile": "",
          "file": "",
          "beforeHooks": [],
          "afterHooks": [],
          "tests": [
            {
              "title": "perform valid login",
              "fullTitle": "Regression test suite perform valid login",
              "timedOut": null,
              "duration": 3315,
              "state": "passed",
              "speed": "slow",
              "pass": true,
              "fail": false,
              "pending": false,
              "context": null,
              "code": "cy.visit('http://localhost:3000');\ncy.title().should('include', 'Testers Hotel');\ncy.contains('Login');\ncy.get(':nth-child(1) > input').type('tester01');\ncy.get(':nth-child(2) > input').type('GteteqbQQgSr88SwNExUQv2ydb7xuf8c');\ncy.get('.btn').click();\ncy.contains('Tester Hotel Overview');\ncy.get('.user > .btn').click();\ncy.contains('Login');",
              "err": {},
              "uuid": "28a61615-98af-461d-bc62-69b987be3f67",
              "parentUUID": "b21f809a-47fc-4abc-aec7-efe4bd7d3fd4",
              "isHook": false,
              "skipped": false
            },
            {
              "title": "perform valid create room ",
              "fullTitle": "Regression test suite perform valid create room ",
              "timedOut": null,
              "duration": 5221,
              "state": "passed",
              "speed": "slow",
              "pass": true,
              "fail": false,
              "pending": false,
              "context": null,
              "code": "cy.visit('http://localhost:3000');\ncy.title().should('include', 'Testers Hotel');\ncy.contains('Login');\ncy.get(':nth-child(1) > input').type('tester01');\ncy.get(':nth-child(2) > input').type('GteteqbQQgSr88SwNExUQv2ydb7xuf8c');\ncy.get('.btn').click();\ncy.contains('Tester Hotel Overview');\ncy.get(':nth-child(1) > .btn').click();\ncy.contains('Rooms');\ncy.get('h2 > .btn').click();\ncy.contains('New Room');\ncy.get(':nth-child(1) > select').select('Double');\ncy.get(':nth-child(2) > input').type('103');\ncy.get(':nth-child(3) > input').type('1');\ncy.get('.checkbox').click(); // cy.get('[type=\"checkbox\"]').check()\ncy.get(':nth-child(5) > input').type('1500');\ncy.get('[value=\"ensuite\"]');\ncy.get('.blue').click();\ncy.contains('Rooms');\ncy.get(':nth-child(3) > .btn').click();\ncy.contains('Tester Hotel Overview');\ncy.get('.user > .btn').click();\ncy.contains('Login');",
              "err": {},
              "uuid": "28de1c6f-c7bb-4e53-992b-85699e8d2bc0",
              "parentUUID": "b21f809a-47fc-4abc-aec7-efe4bd7d3fd4",
              "isHook": false,
              "skipped": false
            },
            {
              "title": "perform valid create client ",
              "fullTitle": "Regression test suite perform valid create client ",
              "timedOut": null,
              "duration": 6146,
              "state": "passed",
              "speed": "slow",
              "pass": true,
              "fail": false,
              "pending": false,
              "context": null,
              "code": "cy.visit('http://localhost:3000');\ncy.title().should('include', 'Testers Hotel');\ncy.contains('Login');\ncy.get(':nth-child(1) > input').type('tester01');\ncy.get(':nth-child(2) > input').type('GteteqbQQgSr88SwNExUQv2ydb7xuf8c');\ncy.get('.btn').click();\ncy.contains('Tester Hotel Overview');\ncy.get('.blocks > :nth-child(2) > .btn').click();\ncy.contains('Clients');\ncy.get('h2 > .btn').click();\ncy.contains('New Client');\ncy.get(':nth-child(1) > input').type('Tina');\ncy.get(':nth-child(2) > input').type('farzaneh.hosseinpour@gmail.com');\ncy.get(':nth-child(3) > input').type('0704353790');\ncy.get('.blue').click();\ncy.contains('Clients');\ncy.get(':nth-child(3) > .btn').click();\ncy.contains('Tester Hotel Overview');\ncy.get('.user > .btn').click();\ncy.contains('Login');",
              "err": {},
              "uuid": "4547e67d-14c9-43b9-bff5-4967667cdda5",
              "parentUUID": "b21f809a-47fc-4abc-aec7-efe4bd7d3fd4",
              "isHook": false,
              "skipped": false
            },
            {
              "title": "perform valid create bill ",
              "fullTitle": "Regression test suite perform valid create bill ",
              "timedOut": null,
              "duration": 5499,
              "state": "passed",
              "speed": "slow",
              "pass": true,
              "fail": false,
              "pending": false,
              "context": null,
              "code": "cy.visit('http://localhost:3000');\ncy.title().should('include', 'Testers Hotel');\ncy.contains('Login');\ncy.get(':nth-child(1) > input').type('tester01');\ncy.get(':nth-child(2) > input').type('GteteqbQQgSr88SwNExUQv2ydb7xuf8c');\ncy.get('.btn').click();\ncy.contains('Tester Hotel Overview');\ncy.get(':nth-child(3) > .btn').click();\ncy.contains('Bills');\ncy.get('h2 > .btn').click();\ncy.contains('New Bill');\ncy.get('input').type('6000');\ncy.get('.checkbox').click();\ncy.get('.blue').click();\ncy.contains('Bills');\ncy.get(':nth-child(3) > .btn').click();\ncy.contains('Tester Hotel Overview');\ncy.get('.user > .btn').click();\ncy.contains('Login');",
              "err": {},
              "uuid": "af805dff-7f91-4680-b9d9-f39efe768c03",
              "parentUUID": "b21f809a-47fc-4abc-aec7-efe4bd7d3fd4",
              "isHook": false,
              "skipped": false
            },
            {
              "title": "perform valid create reservation ",
              "fullTitle": "Regression test suite perform valid create reservation ",
              "timedOut": null,
              "duration": 5341,
              "state": "passed",
              "speed": "slow",
              "pass": true,
              "fail": false,
              "pending": false,
              "context": null,
              "code": "cy.visit('http://localhost:3000');\ncy.title().should('include', 'Testers Hotel');\ncy.contains('Login');\ncy.get(':nth-child(1) > input').type('tester01');\ncy.get(':nth-child(2) > input').type('GteteqbQQgSr88SwNExUQv2ydb7xuf8c');\ncy.get('.btn').click();\ncy.contains('Tester Hotel Overview');\ncy.get(':nth-child(4) > .btn').click();\ncy.contains('Reservations');\ncy.get('h2 > .btn').click();\ncy.contains('New Reservation');\ncy.get(':nth-child(1) > input').type('2020-10-10');\ncy.get(':nth-child(2) > input').type('2020-10-14');\ncy.get(':nth-child(3) > select').select('Tina (#3)'); // cy.get(':nth-child(4) > select').select('Floor 1,Room 103')\ncy.get(':nth-child(5) > select').select('ID: 2');\ncy.get('.blue').click();\ncy.contains('Reservations');\ncy.get(':nth-child(3) > .btn').click();\ncy.contains('Tester Hotel Overview');\ncy.get('.user > .btn').click();\ncy.contains('Login');",
              "err": {},
              "uuid": "4e02ce86-aa36-4429-b7ab-9fe12855d049",
              "parentUUID": "b21f809a-47fc-4abc-aec7-efe4bd7d3fd4",
              "isHook": false,
              "skipped": false
            }
          ],
          "suites": [],
          "passes": [
            "28a61615-98af-461d-bc62-69b987be3f67",
            "28de1c6f-c7bb-4e53-992b-85699e8d2bc0",
            "4547e67d-14c9-43b9-bff5-4967667cdda5",
            "af805dff-7f91-4680-b9d9-f39efe768c03",
            "4e02ce86-aa36-4429-b7ab-9fe12855d049"
          ],
          "failures": [],
          "pending": [],
          "skipped": [],
          "duration": 25522,
          "root": false,
          "rootEmpty": false,
          "_timeout": 2000
        }
      ],
      "passes": [],
      "failures": [],
      "pending": [],
      "skipped": [],
      "duration": 0,
      "root": true,
      "rootEmpty": true,
      "_timeout": 2000
    }
  ],
  "meta": {
    "mocha": {
      "version": "7.0.1"
    },
    "mochawesome": {
      "options": {
        "quiet": false,
        "reportFilename": "mochawesome",
        "saveHtml": true,
        "saveJson": true,
        "consoleReporter": "spec",
        "useInlineDiffs": false,
        "code": true
      },
      "version": "6.1.1"
    },
    "marge": {
      "options": null,
      "version": "5.1.0"
    }
  }
}