{
  "stats": {
    "suites": 1,
    "tests": 5,
    "passes": 5,
    "pending": 0,
    "failures": 0,
    "start": "2020-10-29T11:19:58.752Z",
    "end": "2020-10-29T11:20:47.662Z",
    "duration": 48910,
    "testsRegistered": 5,
    "passPercent": 100,
    "pendingPercent": 0,
    "other": 0,
    "hasOther": false,
    "skipped": 0,
    "hasSkipped": false
  },
  "results": [
    {
      "uuid": "68c0ccd2-81bc-45d3-b8f1-2a2d1b81b893",
      "title": "",
      "fullFile": "cypress/integration/regression-page-objects.spec.js",
      "file": "cypress/integration/regression-page-objects.spec.js",
      "beforeHooks": [],
      "afterHooks": [],
      "tests": [],
      "suites": [
        {
          "uuid": "015da740-0c33-4948-9656-fa46f9c1ccfa",
          "title": "Test suite",
          "fullFile": "",
          "file": "",
          "beforeHooks": [],
          "afterHooks": [],
          "tests": [
            {
              "title": "perform login and logout",
              "fullTitle": "Test suite perform login and logout",
              "timedOut": null,
              "duration": 8411,
              "state": "passed",
              "speed": "slow",
              "pass": true,
              "fail": false,
              "pending": false,
              "context": null,
              "code": "indexFuncs.performValidLogin(cy, 'tester01', 'GteteqbQQgSr88SwNExUQv2ydb7xuf8c', 'Tester Hotel Overview');\ndashboardFuncs.performLogout(cy, 'Login');",
              "err": {},
              "uuid": "058ed4e7-36fa-44ae-8e60-c3a2e712c961",
              "parentUUID": "015da740-0c33-4948-9656-fa46f9c1ccfa",
              "isHook": false,
              "skipped": false
            },
            {
              "title": "perform creat room",
              "fullTitle": "Test suite perform creat room",
              "timedOut": null,
              "duration": 12586,
              "state": "passed",
              "speed": "slow",
              "pass": true,
              "fail": false,
              "pending": false,
              "context": null,
              "code": "indexFuncs.performValidLogin(cy, 'tester01', 'GteteqbQQgSr88SwNExUQv2ydb7xuf8c', 'Tester Hotel Overview');\ndashboardFuncs.navigateToRoomsPage(cy, 'Rooms');\nroomsFuncs.performCreatRoom(cy, 'New Room');\nnewroomFuncs.performNewroom(cy, 'Double', '103', '1', '1500', 'Rooms');\ndashboardFuncs.performLogout(cy, 'Login');",
              "err": {},
              "uuid": "19bb962d-655c-47db-9eb0-71c63542b433",
              "parentUUID": "015da740-0c33-4948-9656-fa46f9c1ccfa",
              "isHook": false,
              "skipped": false
            },
            {
              "title": "perform creat client",
              "fullTitle": "Test suite perform creat client",
              "timedOut": null,
              "duration": 8929,
              "state": "passed",
              "speed": "slow",
              "pass": true,
              "fail": false,
              "pending": false,
              "context": null,
              "code": "indexFuncs.performValidLogin(cy, 'tester01', 'GteteqbQQgSr88SwNExUQv2ydb7xuf8c', 'Tester Hotel Overview');\ndashboardFuncs.navigateToClientsPage(cy, 'Clients');\nclientsFuncs.performCreatClient(cy, 'New Client');\nnewclientFuncs.performNewclient(cy, 'Tina', 'farzaneh.hosseinpour@gmail.com', '0704353790', 'Clients');\ndashboardFuncs.performLogout(cy, 'Login');",
              "err": {},
              "uuid": "765e8642-d731-4775-9e34-df8f4f09b890",
              "parentUUID": "015da740-0c33-4948-9656-fa46f9c1ccfa",
              "isHook": false,
              "skipped": false
            },
            {
              "title": "perform creat bill",
              "fullTitle": "Test suite perform creat bill",
              "timedOut": null,
              "duration": 3890,
              "state": "passed",
              "speed": "slow",
              "pass": true,
              "fail": false,
              "pending": false,
              "context": null,
              "code": "indexFuncs.performValidLogin(cy, 'tester01', 'GteteqbQQgSr88SwNExUQv2ydb7xuf8c', 'Tester Hotel Overview');\ndashboardFuncs.navigateToBillsPage(cy, 'Bills');\nbillsFuncs.performCreatBill(cy, 'New Bill');\nnewbillFuncs.performNewbill(cy, '6000', 'Bills');\ndashboardFuncs.performLogout(cy, 'Login');",
              "err": {},
              "uuid": "68f4b28a-29ee-41e6-8c1d-b198ac681672",
              "parentUUID": "015da740-0c33-4948-9656-fa46f9c1ccfa",
              "isHook": false,
              "skipped": false
            },
            {
              "title": "perform creat reservation",
              "fullTitle": "Test suite perform creat reservation",
              "timedOut": null,
              "duration": 8975,
              "state": "passed",
              "speed": "slow",
              "pass": true,
              "fail": false,
              "pending": false,
              "context": null,
              "code": "indexFuncs.performValidLogin(cy, 'tester01', 'GteteqbQQgSr88SwNExUQv2ydb7xuf8c', 'Tester Hotel Overview');\ndashboardFuncs.navigateToReservationsPage(cy, 'Reservations');\nreservationsFuncs.performCreatReservation(cy, 'New Reservation');\nnewreservationFuncs.performNewreservation(cy, '2020-10-10', '2020-10-14', 'Tina (#3)', 'ID: 2', 'Reservations');\ndashboardFuncs.performLogout(cy, 'Login');",
              "err": {},
              "uuid": "89015ab2-c1d4-4281-a62f-1d5eaeb756e3",
              "parentUUID": "015da740-0c33-4948-9656-fa46f9c1ccfa",
              "isHook": false,
              "skipped": false
            }
          ],
          "suites": [],
          "passes": [
            "058ed4e7-36fa-44ae-8e60-c3a2e712c961",
            "19bb962d-655c-47db-9eb0-71c63542b433",
            "765e8642-d731-4775-9e34-df8f4f09b890",
            "68f4b28a-29ee-41e6-8c1d-b198ac681672",
            "89015ab2-c1d4-4281-a62f-1d5eaeb756e3"
          ],
          "failures": [],
          "pending": [],
          "skipped": [],
          "duration": 42791,
          "root": false,
          "rootEmpty": false,
          "_timeout": 2000
        }
      ],
      "passes": [],
      "failures": [],
      "pending": [],
      "skipped": [],
      "duration": 0,
      "root": true,
      "rootEmpty": true,
      "_timeout": 2000
    }
  ],
  "meta": {
    "mocha": {
      "version": "7.0.1"
    },
    "mochawesome": {
      "options": {
        "quiet": false,
        "reportFilename": "mochawesome",
        "saveHtml": true,
        "saveJson": true,
        "consoleReporter": "spec",
        "useInlineDiffs": false,
        "code": true
      },
      "version": "6.1.1"
    },
    "marge": {
      "options": null,
      "version": "5.1.0"
    }
  }
}